[2026-05-27T09:15:47.375Z] [INFO] ═══════════════════════════════════════════════════════
[2026-05-27T09:15:47.377Z] [INFO] IMAGE OPTIMIZATION SCRIPT
[2026-05-27T09:15:47.377Z] [INFO] ═══════════════════════════════════════════════════════
[2026-05-27T09:15:47.377Z] [INFO] Project Root: C:\Users\Yogesh Poonia\Desktop\temp\safe-codee
[2026-05-27T09:15:47.377Z] [INFO] Max WebP Size: 120 KB
[2026-05-27T09:15:47.377Z] [INFO] Dry Run: NO
[2026-05-27T09:15:47.377Z] [INFO] 
[2026-05-27T09:15:47.377Z] [INFO] Step 1: Discovering images...
[2026-05-27T09:15:47.393Z] [SUCCESS] Found 68 image(s)
[2026-05-27T09:15:47.394Z] [INFO] 
[2026-05-27T09:15:47.394Z] [INFO] Step 2: Converting images to WebP...
[2026-05-27T09:15:47.394Z] [INFO] Processing: public\assets\img\about\about-2-main.webp
[2026-05-27T09:15:47.396Z] [INFO]   Original: 17.50 KB (432x468 , webp)
[2026-05-27T09:15:47.397Z] [INFO]   Skipping: already WebP and under 120 KB
[2026-05-27T09:15:47.397Z] [INFO] Processing: public\assets\img\about\about-2-right.jpg
[2026-05-27T09:15:47.398Z] [INFO]   Original: 11.05 KB (328x320 , heif)
[2026-05-27T09:15:47.454Z] [ERROR]   ✗ Failed: input buffer is not a HEIC image
[2026-05-27T09:15:47.455Z] [INFO] Processing: public\assets\img\bg\breadcrumb-bg.webp
[2026-05-27T09:15:47.455Z] [INFO]   Original: 46.32 KB (2000x967 , webp)
[2026-05-27T09:15:47.455Z] [INFO]   Skipping: already WebP and under 120 KB
[2026-05-27T09:15:47.455Z] [INFO] Processing: public\assets\img\bg\breadcrumb-bottom.webp
[2026-05-27T09:15:47.456Z] [INFO]   Original: 3.04 KB (1920x69 , webp)
[2026-05-27T09:15:47.456Z] [INFO]   Skipping: already WebP and under 120 KB
[2026-05-27T09:15:47.456Z] [INFO] Processing: public\assets\img\bg\contact_form_bg.webp
[2026-05-27T09:15:47.457Z] [INFO]   Original: 61.69 KB (1948x1306 , webp)
[2026-05-27T09:15:47.457Z] [INFO]   Skipping: already WebP and under 120 KB
[2026-05-27T09:15:47.457Z] [INFO] Processing: public\assets\img\bg\footer_bg_2.webp
[2026-05-27T09:15:47.458Z] [INFO]   Original: 4.85 KB (1920x763 , webp)
[2026-05-27T09:15:47.458Z] [INFO]   Skipping: already WebP and under 120 KB
[2026-05-27T09:15:47.458Z] [INFO] Processing: public\assets\img\bg\service-bg-1-1.webp
[2026-05-27T09:15:47.459Z] [INFO]   Original: 7.01 KB (1920x984 , webp)
[2026-05-27T09:15:47.459Z] [INFO]   Skipping: already WebP and under 120 KB
[2026-05-27T09:15:47.459Z] [INFO] Processing: public\assets\img\favicon.webp
[2026-05-27T09:15:47.460Z] [INFO]   Original: 5.03 KB (350x53 , webp)
[2026-05-27T09:15:47.460Z] [INFO]   Skipping: already WebP and under 120 KB
[2026-05-27T09:15:47.460Z] [INFO] Processing: public\assets\img\hero\hero2-overlay.webp
[2026-05-27T09:15:47.460Z] [INFO]   Original: 119.85 KB (1160x591 , webp)
[2026-05-27T09:15:47.461Z] [INFO]   Skipping: already WebP and under 120 KB
[2026-05-27T09:15:47.461Z] [INFO] Processing: public\assets\img\hero\hero_bg_2_1.webp
[2026-05-27T09:15:47.461Z] [INFO]   Original: 97.91 KB (2592x1936 , webp)
[2026-05-27T09:15:47.461Z] [INFO]   Skipping: already WebP and under 120 KB
[2026-05-27T09:15:47.462Z] [INFO] Processing: public\assets\img\hero\hero_bg_2_2.webp
[2026-05-27T09:15:47.462Z] [INFO]   Original: 110.37 KB (1670x1113 , webp)
[2026-05-27T09:15:47.462Z] [INFO]   Skipping: already WebP and under 120 KB
[2026-05-27T09:15:47.462Z] [INFO] Processing: public\assets\img\hero\hero_bg_2_3.webp
[2026-05-27T09:15:47.463Z] [INFO]   Original: 114.74 KB (3000x1687 , webp)
[2026-05-27T09:15:47.463Z] [INFO]   Skipping: already WebP and under 120 KB
[2026-05-27T09:15:47.463Z] [INFO] Processing: public\assets\img\icon\breadcrumb-left.webp
[2026-05-27T09:15:47.464Z] [INFO]   Original: 1.51 KB (91x102 , webp)
[2026-05-27T09:15:47.464Z] [INFO]   Skipping: already WebP and under 120 KB
[2026-05-27T09:15:47.464Z] [INFO] Processing: public\assets\img\icon\breadcrumb-right.webp
[2026-05-27T09:15:47.465Z] [INFO]   Original: 0.94 KB (65x72 , webp)
[2026-05-27T09:15:47.465Z] [INFO]   Skipping: already WebP and under 120 KB
[2026-05-27T09:15:47.465Z] [INFO] Processing: public\assets\img\icon\counter-shape-2-1.webp
[2026-05-27T09:15:47.466Z] [INFO]   Original: 1.26 KB (36x64 , webp)
[2026-05-27T09:15:47.466Z] [INFO]   Skipping: already WebP and under 120 KB
[2026-05-27T09:15:47.466Z] [INFO] Processing: public\assets\img\icon\footer-shape-1.webp
[2026-05-27T09:15:47.466Z] [INFO]   Original: 1.11 KB (91x102 , webp)
[2026-05-27T09:15:47.466Z] [INFO]   Skipping: already WebP and under 120 KB
[2026-05-27T09:15:47.466Z] [INFO] Processing: public\assets\img\icon\footer-shape-2.webp
[2026-05-27T09:15:47.467Z] [INFO]   Original: 0.68 KB (65x72 , webp)
[2026-05-27T09:15:47.467Z] [INFO]   Skipping: already WebP and under 120 KB
[2026-05-27T09:15:47.467Z] [INFO] Processing: public\assets\img\logo.webp
[2026-05-27T09:15:47.468Z] [INFO]   Original: 26.42 KB (1024x306 , webp)
[2026-05-27T09:15:47.468Z] [INFO]   Skipping: already WebP and under 120 KB
[2026-05-27T09:15:47.468Z] [INFO] Processing: public\assets\img\shape\footer-1-top-shape.webp
[2026-05-27T09:15:47.470Z] [INFO]   Original: 4.26 KB (1920x116 , webp)
[2026-05-27T09:15:47.470Z] [INFO]   Skipping: already WebP and under 120 KB
[2026-05-27T09:15:47.470Z] [INFO] Processing: public\favicon\favicon.webp
[2026-05-27T09:15:47.470Z] [INFO]   Original: 5.03 KB (350x53 , webp)
[2026-05-27T09:15:47.470Z] [INFO]   Skipping: already WebP and under 120 KB
[2026-05-27T09:15:47.471Z] [INFO] Processing: public\images\about\ab4.webp
[2026-05-27T09:15:47.471Z] [INFO]   Original: 18.80 KB (390x600 , webp)
[2026-05-27T09:15:47.471Z] [INFO]   Skipping: already WebP and under 120 KB
[2026-05-27T09:15:47.472Z] [INFO] Processing: public\images\about\about-2-main.webp
[2026-05-27T09:15:47.472Z] [INFO]   Original: 17.50 KB (432x468 , webp)
[2026-05-27T09:15:47.473Z] [INFO]   Skipping: already WebP and under 120 KB
[2026-05-27T09:15:47.473Z] [INFO] Processing: public\images\about\about-2-right.jpg
[2026-05-27T09:15:47.474Z] [INFO]   Original: 11.05 KB (328x320 , heif)
[2026-05-27T09:15:47.477Z] [ERROR]   ✗ Failed: input buffer is not a HEIC image
[2026-05-27T09:15:47.477Z] [INFO] Processing: public\images\backgrounds\service-bg-1-1.webp
[2026-05-27T09:15:47.478Z] [INFO]   Original: 7.01 KB (1920x984 , webp)
[2026-05-27T09:15:47.478Z] [INFO]   Skipping: already WebP and under 120 KB
[2026-05-27T09:15:47.478Z] [INFO] Processing: public\images\banners\hero2-overlay.webp
[2026-05-27T09:15:47.479Z] [INFO]   Original: 119.85 KB (1160x591 , webp)
[2026-05-27T09:15:47.479Z] [INFO]   Skipping: already WebP and under 120 KB
[2026-05-27T09:15:47.479Z] [INFO] Processing: public\images\banners\hero_bg_2_1.webp
[2026-05-27T09:15:47.479Z] [INFO]   Original: 97.91 KB (2592x1936 , webp)
[2026-05-27T09:15:47.479Z] [INFO]   Skipping: already WebP and under 120 KB
[2026-05-27T09:15:47.479Z] [INFO] Processing: public\images\banners\hero_bg_2_2.webp
[2026-05-27T09:15:47.480Z] [INFO]   Original: 110.37 KB (1670x1113 , webp)
[2026-05-27T09:15:47.480Z] [INFO]   Skipping: already WebP and under 120 KB
[2026-05-27T09:15:47.480Z] [INFO] Processing: public\images\banners\hero_bg_2_3.webp
[2026-05-27T09:15:47.481Z] [INFO]   Original: 114.74 KB (3000x1687 , webp)
[2026-05-27T09:15:47.481Z] [INFO]   Skipping: already WebP and under 120 KB
[2026-05-27T09:15:47.481Z] [INFO] Processing: public\images\blog\blog-1.webp
[2026-05-27T09:15:47.482Z] [INFO]   Original: 18.80 KB (400x400 , webp)
[2026-05-27T09:15:47.482Z] [INFO]   Skipping: already WebP and under 120 KB
[2026-05-27T09:15:47.482Z] [INFO] Processing: public\images\common\floating-call.webp
[2026-05-27T09:15:47.482Z] [INFO]   Original: 1.29 KB (64x64 , webp)
[2026-05-27T09:15:47.482Z] [INFO]   Skipping: already WebP and under 120 KB
[2026-05-27T09:15:47.482Z] [INFO] Processing: public\images\common\whatsapp.webp
[2026-05-27T09:15:47.483Z] [INFO]   Original: 1.35 KB (64x64 , webp)
[2026-05-27T09:15:47.483Z] [INFO]   Skipping: already WebP and under 120 KB
[2026-05-27T09:15:47.483Z] [INFO] Processing: public\images\icons\counter-shape-2-1.webp
[2026-05-27T09:15:47.483Z] [INFO]   Original: 1.26 KB (36x64 , webp)
[2026-05-27T09:15:47.483Z] [INFO]   Skipping: already WebP and under 120 KB
[2026-05-27T09:15:47.483Z] [INFO] Processing: public\images\icons\footer-shape-1.webp
[2026-05-27T09:15:47.484Z] [INFO]   Original: 1.11 KB (91x102 , webp)
[2026-05-27T09:15:47.484Z] [INFO]   Skipping: already WebP and under 120 KB
[2026-05-27T09:15:47.484Z] [INFO] Processing: public\images\icons\footer-shape-2.webp
[2026-05-27T09:15:47.485Z] [INFO]   Original: 0.68 KB (65x72 , webp)
[2026-05-27T09:15:47.485Z] [INFO]   Skipping: already WebP and under 120 KB
[2026-05-27T09:15:47.485Z] [INFO] Processing: public\images\logos\c7.webp
[2026-05-27T09:15:47.485Z] [INFO]   Original: 1.27 KB (140x84 , webp)
[2026-05-27T09:15:47.485Z] [INFO]   Skipping: already WebP and under 120 KB
[2026-05-27T09:15:47.485Z] [INFO] Processing: public\images\logos\clients1.webp
[2026-05-27T09:15:47.486Z] [INFO]   Original: 2.00 KB (142x84 , webp)
[2026-05-27T09:15:47.486Z] [INFO]   Skipping: already WebP and under 120 KB
[2026-05-27T09:15:47.486Z] [INFO] Processing: public\images\logos\clients2.webp
[2026-05-27T09:15:47.486Z] [INFO]   Original: 1.42 KB (140x84 , webp)
[2026-05-27T09:15:47.486Z] [INFO]   Skipping: already WebP and under 120 KB
[2026-05-27T09:15:47.486Z] [INFO] Processing: public\images\logos\clients3.webp
[2026-05-27T09:15:47.487Z] [INFO]   Original: 2.10 KB (140x84 , webp)
[2026-05-27T09:15:47.487Z] [INFO]   Skipping: already WebP and under 120 KB
[2026-05-27T09:15:47.487Z] [INFO] Processing: public\images\logos\clients4.webp
[2026-05-27T09:15:47.487Z] [INFO]   Original: 1.32 KB (140x84 , webp)
[2026-05-27T09:15:47.488Z] [INFO]   Skipping: already WebP and under 120 KB
[2026-05-27T09:15:47.488Z] [INFO] Processing: public\images\logos\clients5.webp
[2026-05-27T09:15:47.488Z] [INFO]   Original: 1.38 KB (140x84 , webp)
[2026-05-27T09:15:47.488Z] [INFO]   Skipping: already WebP and under 120 KB
[2026-05-27T09:15:47.488Z] [INFO] Processing: public\images\logos\logo.webp
[2026-05-27T09:15:47.489Z] [INFO]   Original: 40.70 KB (1599x478 , webp)
[2026-05-27T09:15:47.489Z] [INFO]   Skipping: already WebP and under 120 KB
[2026-05-27T09:15:47.489Z] [INFO] Processing: public\images\services\air-cargo.webp
[2026-05-27T09:15:47.490Z] [INFO]   Original: 27.71 KB (400x400 , webp)
[2026-05-27T09:15:47.490Z] [INFO]   Skipping: already WebP and under 120 KB
[2026-05-27T09:15:47.491Z] [INFO] Processing: public\images\services\car-transport.webp
[2026-05-27T09:15:47.491Z] [INFO]   Original: 23.18 KB (400x400 , webp)
[2026-05-27T09:15:47.491Z] [INFO]   Skipping: already WebP and under 120 KB
[2026-05-27T09:15:47.491Z] [INFO] Processing: public\images\services\domestic.webp
[2026-05-27T09:15:47.492Z] [INFO]   Original: 13.37 KB (400x400 , webp)
[2026-05-27T09:15:47.492Z] [INFO]   Skipping: already WebP and under 120 KB
[2026-05-27T09:15:47.492Z] [INFO] Processing: public\images\services\land-transport.webp
[2026-05-27T09:15:47.493Z] [INFO]   Original: 27.30 KB (400x400 , webp)
[2026-05-27T09:15:47.493Z] [INFO]   Skipping: already WebP and under 120 KB
[2026-05-27T09:15:47.493Z] [INFO] Processing: public\images\services\office-shifting.webp
[2026-05-27T09:15:47.494Z] [INFO]   Original: 14.92 KB (400x400 , webp)
[2026-05-27T09:15:47.494Z] [INFO]   Skipping: already WebP and under 120 KB
[2026-05-27T09:15:47.494Z] [INFO] Processing: public\images\services\packing.webp
[2026-05-27T09:15:47.494Z] [INFO]   Original: 11.33 KB (400x400 , webp)
[2026-05-27T09:15:47.494Z] [INFO]   Skipping: already WebP and under 120 KB
[2026-05-27T09:15:47.494Z] [INFO] Processing: public\images\services\warehouse.webp
[2026-05-27T09:15:47.495Z] [INFO]   Original: 38.47 KB (400x400 , webp)
[2026-05-27T09:15:47.495Z] [INFO]   Skipping: already WebP and under 120 KB
[2026-05-27T09:15:47.495Z] [INFO] Processing: public\images\testimonials\clientq.webp
[2026-05-27T09:15:47.496Z] [INFO]   Original: 2.24 KB (100x100 , webp)
[2026-05-27T09:15:47.496Z] [INFO]   Skipping: already WebP and under 120 KB
[2026-05-27T09:15:47.496Z] [INFO] Processing: public\img\ab4.webp
[2026-05-27T09:15:47.497Z] [INFO]   Original: 18.80 KB (390x600 , webp)
[2026-05-27T09:15:47.497Z] [INFO]   Skipping: already WebP and under 120 KB
[2026-05-27T09:15:47.497Z] [INFO] Processing: public\img\air-cargo.webp
[2026-05-27T09:15:47.497Z] [INFO]   Original: 27.71 KB (400x400 , webp)
[2026-05-27T09:15:47.498Z] [INFO]   Skipping: already WebP and under 120 KB
[2026-05-27T09:15:47.498Z] [INFO] Processing: public\img\blog-1.webp
[2026-05-27T09:15:47.498Z] [INFO]   Original: 18.80 KB (400x400 , webp)
[2026-05-27T09:15:47.498Z] [INFO]   Skipping: already WebP and under 120 KB
[2026-05-27T09:15:47.498Z] [INFO] Processing: public\img\brand-logo\c7.webp
[2026-05-27T09:15:47.499Z] [INFO]   Original: 1.27 KB (140x84 , webp)
[2026-05-27T09:15:47.499Z] [INFO]   Skipping: already WebP and under 120 KB
[2026-05-27T09:15:47.499Z] [INFO] Processing: public\img\brand-logo\clients1.webp
[2026-05-27T09:15:47.500Z] [INFO]   Original: 2.00 KB (142x84 , webp)
[2026-05-27T09:15:47.500Z] [INFO]   Skipping: already WebP and under 120 KB
[2026-05-27T09:15:47.500Z] [INFO] Processing: public\img\brand-logo\clients2.webp
[2026-05-27T09:15:47.500Z] [INFO]   Original: 1.42 KB (140x84 , webp)
[2026-05-27T09:15:47.500Z] [INFO]   Skipping: already WebP and under 120 KB
[2026-05-27T09:15:47.500Z] [INFO] Processing: public\img\brand-logo\clients3.webp
[2026-05-27T09:15:47.501Z] [INFO]   Original: 2.10 KB (140x84 , webp)
[2026-05-27T09:15:47.501Z] [INFO]   Skipping: already WebP and under 120 KB
[2026-05-27T09:15:47.501Z] [INFO] Processing: public\img\brand-logo\clients4.webp
[2026-05-27T09:15:47.502Z] [INFO]   Original: 1.32 KB (140x84 , webp)
[2026-05-27T09:15:47.502Z] [INFO]   Skipping: already WebP and under 120 KB
[2026-05-27T09:15:47.502Z] [INFO] Processing: public\img\brand-logo\clients5.webp
[2026-05-27T09:15:47.502Z] [INFO]   Original: 1.38 KB (140x84 , webp)
[2026-05-27T09:15:47.502Z] [INFO]   Skipping: already WebP and under 120 KB
[2026-05-27T09:15:47.502Z] [INFO] Processing: public\img\car-transport.webp
[2026-05-27T09:15:47.503Z] [INFO]   Original: 23.18 KB (400x400 , webp)
[2026-05-27T09:15:47.503Z] [INFO]   Skipping: already WebP and under 120 KB
[2026-05-27T09:15:47.503Z] [INFO] Processing: public\img\clientq.webp
[2026-05-27T09:15:47.504Z] [INFO]   Original: 2.24 KB (100x100 , webp)
[2026-05-27T09:15:47.504Z] [INFO]   Skipping: already WebP and under 120 KB
[2026-05-27T09:15:47.504Z] [INFO] Processing: public\img\domestic.webp
[2026-05-27T09:15:47.505Z] [INFO]   Original: 13.37 KB (400x400 , webp)
[2026-05-27T09:15:47.505Z] [INFO]   Skipping: already WebP and under 120 KB
[2026-05-27T09:15:47.505Z] [INFO] Processing: public\img\floating-call.webp
[2026-05-27T09:15:47.505Z] [INFO]   Original: 1.29 KB (64x64 , webp)
[2026-05-27T09:15:47.505Z] [INFO]   Skipping: already WebP and under 120 KB
[2026-05-27T09:15:47.505Z] [INFO] Processing: public\img\land-transport.webp
[2026-05-27T09:15:47.506Z] [INFO]   Original: 27.30 KB (400x400 , webp)
[2026-05-27T09:15:47.506Z] [INFO]   Skipping: already WebP and under 120 KB
[2026-05-27T09:15:47.506Z] [INFO] Processing: public\img\office-shifting.webp
[2026-05-27T09:15:47.507Z] [INFO]   Original: 14.92 KB (400x400 , webp)
[2026-05-27T09:15:47.507Z] [INFO]   Skipping: already WebP and under 120 KB
[2026-05-27T09:15:47.507Z] [INFO] Processing: public\img\packing.webp
[2026-05-27T09:15:47.508Z] [INFO]   Original: 11.33 KB (400x400 , webp)
[2026-05-27T09:15:47.508Z] [INFO]   Skipping: already WebP and under 120 KB
[2026-05-27T09:15:47.508Z] [INFO] Processing: public\img\warehouse.webp
[2026-05-27T09:15:47.510Z] [INFO]   Original: 38.47 KB (400x400 , webp)
[2026-05-27T09:15:47.510Z] [INFO]   Skipping: already WebP and under 120 KB
[2026-05-27T09:15:47.510Z] [INFO] Processing: public\img\whatsapp.webp
[2026-05-27T09:15:47.511Z] [INFO]   Original: 1.35 KB (64x64 , webp)
[2026-05-27T09:15:47.511Z] [INFO]   Skipping: already WebP and under 120 KB
[2026-05-27T09:15:47.512Z] [INFO] Processing: scratch\orig-breadcrumb-bg.webp
[2026-05-27T09:15:47.513Z] [INFO]   Original: 46.32 KB (2000x967 , webp)
[2026-05-27T09:15:47.513Z] [INFO]   Skipping: already WebP and under 120 KB
[2026-05-27T09:15:47.513Z] [SUCCESS] Conversion complete: 66 succeeded, 2 failed
[2026-05-27T09:15:47.513Z] [INFO] 
[2026-05-27T09:15:47.513Z] [INFO] Step 3: Updating code references...
[2026-05-27T09:15:47.527Z] [INFO]   Updated 2 reference(s) in: scratch-about.html
[2026-05-27T09:15:47.528Z] [INFO]   Updated 2 reference(s) in: src\app\about\page.js
[2026-05-27T09:15:47.529Z] [INFO]   Updated 1 reference(s) in: src\app\gallery\page.js
[2026-05-27T09:15:47.531Z] [INFO]   Updated 2 reference(s) in: src\app\page.js
[2026-05-27T09:15:47.539Z] [INFO]   Updated 2 reference(s) in: temp_assets\about.html
[2026-05-27T09:15:47.547Z] [INFO]   Updated 2 reference(s) in: scratch\branches_live.html
[2026-05-27T09:15:47.548Z] [INFO]   Updated 2 reference(s) in: scratch\contact_live.html
[2026-05-27T09:15:47.549Z] [INFO]   Updated 2 reference(s) in: scratch\jaipur_live.html
[2026-05-27T09:15:47.550Z] [INFO]   Updated 2 reference(s) in: scratch-about.html
[2026-05-27T09:15:47.553Z] [INFO]   Updated 3 reference(s) in: src\components\Breadcrumb.jsx
[2026-05-27T09:15:47.559Z] [INFO]   Updated 2 reference(s) in: temp_assets\about.html
[2026-05-27T09:15:47.564Z] [INFO]   Updated 2 reference(s) in: temp_assets\house.html
[2026-05-27T09:15:47.567Z] [INFO]   Updated 2 reference(s) in: scratch\branches_live.html
[2026-05-27T09:15:47.568Z] [INFO]   Updated 2 reference(s) in: scratch\contact_live.html
[2026-05-27T09:15:47.569Z] [INFO]   Updated 2 reference(s) in: scratch\jaipur_live.html
[2026-05-27T09:15:47.570Z] [INFO]   Updated 2 reference(s) in: scratch-about.html
[2026-05-27T09:15:47.572Z] [INFO]   Updated 2 reference(s) in: src\components\Breadcrumb.jsx
[2026-05-27T09:15:47.579Z] [INFO]   Updated 2 reference(s) in: temp_assets\about.html
[2026-05-27T09:15:47.584Z] [INFO]   Updated 2 reference(s) in: temp_assets\house.html
[2026-05-27T09:15:47.587Z] [INFO]   Updated 2 reference(s) in: scratch\contact_live.html
[2026-05-27T09:15:47.590Z] [INFO]   Updated 3 reference(s) in: src\components\ContactPageForm.jsx
[2026-05-27T09:15:47.606Z] [INFO]   Updated 1 reference(s) in: src\components\Footer.jsx
[2026-05-27T09:15:47.623Z] [INFO]   Updated 1 reference(s) in: src\app\page.js
[2026-05-27T09:15:47.637Z] [INFO]   Updated 1 reference(s) in: scratch\branches_live.html
[2026-05-27T09:15:47.638Z] [INFO]   Updated 1 reference(s) in: scratch\contact_live.html
[2026-05-27T09:15:47.639Z] [INFO]   Updated 1 reference(s) in: scratch\jaipur_live.html
[2026-05-27T09:15:47.639Z] [INFO]   Updated 1 reference(s) in: scratch-about.html
[2026-05-27T09:15:47.641Z] [INFO]   Updated 3 reference(s) in: src\app\layout.js
[2026-05-27T09:15:47.641Z] [INFO]   Updated 1 reference(s) in: src\app\manifest.js
[2026-05-27T09:15:47.648Z] [INFO]   Updated 1 reference(s) in: temp_assets\about.html
[2026-05-27T09:15:47.653Z] [INFO]   Updated 1 reference(s) in: temp_assets\house.html
[2026-05-27T09:15:47.659Z] [INFO]   Updated 2 reference(s) in: src\components\HeroSlider.jsx
[2026-05-27T09:15:47.677Z] [INFO]   Updated 1 reference(s) in: src\components\HeroSlider.jsx
[2026-05-27T09:15:47.691Z] [INFO]   Updated 1 reference(s) in: src\components\HeroSlider.jsx
[2026-05-27T09:15:47.707Z] [INFO]   Updated 1 reference(s) in: src\components\HeroSlider.jsx
[2026-05-27T09:15:47.721Z] [INFO]   Updated 2 reference(s) in: scratch\branches_live.html
[2026-05-27T09:15:47.722Z] [INFO]   Updated 2 reference(s) in: scratch\contact_live.html
[2026-05-27T09:15:47.723Z] [INFO]   Updated 2 reference(s) in: scratch\jaipur_live.html
[2026-05-27T09:15:47.724Z] [INFO]   Updated 2 reference(s) in: scratch-about.html
[2026-05-27T09:15:47.727Z] [INFO]   Updated 2 reference(s) in: src\components\Breadcrumb.jsx
[2026-05-27T09:15:47.733Z] [INFO]   Updated 2 reference(s) in: temp_assets\about.html
[2026-05-27T09:15:47.738Z] [INFO]   Updated 2 reference(s) in: temp_assets\house.html
[2026-05-27T09:15:47.742Z] [INFO]   Updated 2 reference(s) in: scratch\branches_live.html
[2026-05-27T09:15:47.742Z] [INFO]   Updated 2 reference(s) in: scratch\contact_live.html
[2026-05-27T09:15:47.743Z] [INFO]   Updated 2 reference(s) in: scratch\jaipur_live.html
[2026-05-27T09:15:47.744Z] [INFO]   Updated 2 reference(s) in: scratch-about.html
[2026-05-27T09:15:47.749Z] [INFO]   Updated 2 reference(s) in: src\components\Breadcrumb.jsx
[2026-05-27T09:15:47.755Z] [INFO]   Updated 2 reference(s) in: temp_assets\about.html
[2026-05-27T09:15:47.761Z] [INFO]   Updated 2 reference(s) in: temp_assets\house.html
[2026-05-27T09:15:47.766Z] [INFO]   Updated 8 reference(s) in: src\app\page.js
[2026-05-27T09:15:47.782Z] [INFO]   Updated 2 reference(s) in: scratch\branches_live.html
[2026-05-27T09:15:47.783Z] [INFO]   Updated 2 reference(s) in: scratch\contact_live.html
[2026-05-27T09:15:47.784Z] [INFO]   Updated 2 reference(s) in: scratch\jaipur_live.html
[2026-05-27T09:15:47.784Z] [INFO]   Updated 2 reference(s) in: scratch-about.html
[2026-05-27T09:15:47.786Z] [INFO]   Updated 2 reference(s) in: src\components\Footer.jsx
[2026-05-27T09:15:47.792Z] [INFO]   Updated 2 reference(s) in: temp_assets\about.html
[2026-05-27T09:15:47.797Z] [INFO]   Updated 2 reference(s) in: temp_assets\house.html
[2026-05-27T09:15:47.802Z] [INFO]   Updated 2 reference(s) in: scratch\branches_live.html
[2026-05-27T09:15:47.803Z] [INFO]   Updated 2 reference(s) in: scratch\contact_live.html
[2026-05-27T09:15:47.804Z] [INFO]   Updated 2 reference(s) in: scratch\jaipur_live.html
[2026-05-27T09:15:47.804Z] [INFO]   Updated 2 reference(s) in: scratch-about.html
[2026-05-27T09:15:47.806Z] [INFO]   Updated 2 reference(s) in: src\components\Footer.jsx
[2026-05-27T09:15:47.812Z] [INFO]   Updated 2 reference(s) in: temp_assets\about.html
[2026-05-27T09:15:47.817Z] [INFO]   Updated 2 reference(s) in: temp_assets\house.html
[2026-05-27T09:15:47.820Z] [INFO]   Updated 6 reference(s) in: scratch\branches_live.html
[2026-05-27T09:15:47.821Z] [INFO]   Updated 6 reference(s) in: scratch\contact_live.html
[2026-05-27T09:15:47.822Z] [INFO]   Updated 1 reference(s) in: scratch\fetch-logo-attrs.js
[2026-05-27T09:15:47.824Z] [INFO]   Updated 6 reference(s) in: scratch\jaipur_live.html
[2026-05-27T09:15:47.825Z] [INFO]   Updated 6 reference(s) in: scratch-about.html
[2026-05-27T09:15:47.826Z] [INFO]   Updated 2 reference(s) in: scripts\EXAMPLES_AND_REFERENCE.md
[2026-05-27T09:15:47.827Z] [INFO]   Updated 1 reference(s) in: src\app\about\page.js
[2026-05-27T09:15:47.828Z] [INFO]   Updated 1 reference(s) in: src\app\air\page.js
[2026-05-27T09:15:47.829Z] [INFO]   Updated 1 reference(s) in: src\app\car\page.js
[2026-05-27T09:15:47.830Z] [INFO]   Updated 1 reference(s) in: src\app\contact\page.js
[2026-05-27T09:15:47.831Z] [INFO]   Updated 1 reference(s) in: src\app\domestic\page.js
[2026-05-27T09:15:47.831Z] [INFO]   Updated 1 reference(s) in: src\app\house\page.js
[2026-05-27T09:15:47.832Z] [INFO]   Updated 2 reference(s) in: src\app\layout.js
[2026-05-27T09:15:47.832Z] [INFO]   Updated 1 reference(s) in: src\app\office\page.js
[2026-05-27T09:15:47.833Z] [INFO]   Updated 1 reference(s) in: src\app\packing\page.js
[2026-05-27T09:15:47.834Z] [INFO]   Updated 2 reference(s) in: src\app\page.js
[2026-05-27T09:15:47.835Z] [INFO]   Updated 1 reference(s) in: src\app\sea\page.js
[2026-05-27T09:15:47.835Z] [INFO]   Updated 1 reference(s) in: src\app\transport\page.js
[2026-05-27T09:15:47.835Z] [INFO]   Updated 1 reference(s) in: src\app\warehousing\page.js
[2026-05-27T09:15:47.836Z] [INFO]   Updated 1 reference(s) in: src\app\[slug]\page.js
[2026-05-27T09:15:47.836Z] [INFO]   Updated 2 reference(s) in: src\components\Footer.jsx
[2026-05-27T09:15:47.837Z] [INFO]   Updated 4 reference(s) in: src\components\Navbar.jsx
[2026-05-27T09:15:47.842Z] [INFO]   Updated 6 reference(s) in: temp_assets\about.html
[2026-05-27T09:15:47.848Z] [INFO]   Updated 6 reference(s) in: temp_assets\house.html
[2026-05-27T09:15:47.854Z] [INFO]   Updated 1 reference(s) in: src\components\Footer.jsx
[2026-05-27T09:15:47.868Z] [INFO]   Updated 1 reference(s) in: scratch\branches_live.html
[2026-05-27T09:15:47.868Z] [INFO]   Updated 1 reference(s) in: scratch\contact_live.html
[2026-05-27T09:15:47.869Z] [INFO]   Updated 1 reference(s) in: scratch\jaipur_live.html
[2026-05-27T09:15:47.870Z] [INFO]   Updated 1 reference(s) in: scratch-about.html
[2026-05-27T09:15:47.871Z] [INFO]   Updated 3 reference(s) in: src\app\layout.js
[2026-05-27T09:15:47.872Z] [INFO]   Updated 1 reference(s) in: src\app\manifest.js
[2026-05-27T09:15:47.878Z] [INFO]   Updated 1 reference(s) in: temp_assets\about.html
[2026-05-27T09:15:47.884Z] [INFO]   Updated 1 reference(s) in: temp_assets\house.html
[2026-05-27T09:15:47.890Z] [INFO]   Updated 2 reference(s) in: src\app\page.js
[2026-05-27T09:15:47.903Z] [INFO]   Updated 2 reference(s) in: scratch-about.html
[2026-05-27T09:15:47.904Z] [INFO]   Updated 2 reference(s) in: src\app\about\page.js
[2026-05-27T09:15:47.904Z] [INFO]   Updated 1 reference(s) in: src\app\gallery\page.js
[2026-05-27T09:15:47.906Z] [INFO]   Updated 2 reference(s) in: src\app\page.js
[2026-05-27T09:15:47.913Z] [INFO]   Updated 2 reference(s) in: temp_assets\about.html
[2026-05-27T09:15:47.923Z] [INFO]   Updated 1 reference(s) in: src\app\page.js
[2026-05-27T09:15:47.939Z] [INFO]   Updated 2 reference(s) in: src\components\HeroSlider.jsx
[2026-05-27T09:15:47.956Z] [INFO]   Updated 1 reference(s) in: src\components\HeroSlider.jsx
[2026-05-27T09:15:47.972Z] [INFO]   Updated 1 reference(s) in: src\components\HeroSlider.jsx
[2026-05-27T09:15:47.986Z] [INFO]   Updated 1 reference(s) in: src\components\HeroSlider.jsx
[2026-05-27T09:15:48.000Z] [INFO]   Updated 1 reference(s) in: src\app\gallery\page.js
[2026-05-27T09:15:48.001Z] [INFO]   Updated 2 reference(s) in: src\app\house\page.js
[2026-05-27T09:15:48.001Z] [INFO]   Updated 1 reference(s) in: src\app\page.js
[2026-05-27T09:15:48.002Z] [INFO]   Updated 1 reference(s) in: src\components\GallerySlider.jsx
[2026-05-27T09:15:48.013Z] [INFO]   Updated 2 reference(s) in: temp_assets\house.html
[2026-05-27T09:15:48.016Z] [INFO]   Updated 2 reference(s) in: scratch\branches_live.html
[2026-05-27T09:15:48.016Z] [INFO]   Updated 2 reference(s) in: scratch\contact_live.html
[2026-05-27T09:15:48.017Z] [INFO]   Updated 2 reference(s) in: scratch\jaipur_live.html
[2026-05-27T09:15:48.018Z] [INFO]   Updated 2 reference(s) in: scratch-about.html
[2026-05-27T09:15:48.020Z] [INFO]   Updated 2 reference(s) in: src\components\Footer.jsx
[2026-05-27T09:15:48.026Z] [INFO]   Updated 2 reference(s) in: temp_assets\about.html
[2026-05-27T09:15:48.032Z] [INFO]   Updated 2 reference(s) in: temp_assets\house.html
[2026-05-27T09:15:48.036Z] [INFO]   Updated 2 reference(s) in: scratch\branches_live.html
[2026-05-27T09:15:48.037Z] [INFO]   Updated 2 reference(s) in: scratch\contact_live.html
[2026-05-27T09:15:48.038Z] [INFO]   Updated 2 reference(s) in: scratch\jaipur_live.html
[2026-05-27T09:15:48.039Z] [INFO]   Updated 2 reference(s) in: scratch-about.html
[2026-05-27T09:15:48.041Z] [INFO]   Updated 2 reference(s) in: src\components\Footer.jsx
[2026-05-27T09:15:48.047Z] [INFO]   Updated 2 reference(s) in: temp_assets\about.html
[2026-05-27T09:15:48.052Z] [INFO]   Updated 2 reference(s) in: temp_assets\house.html
[2026-05-27T09:15:48.058Z] [INFO]   Updated 8 reference(s) in: src\app\page.js
[2026-05-27T09:15:48.073Z] [INFO]   Updated 2 reference(s) in: scratch\branches_live.html
[2026-05-27T09:15:48.074Z] [INFO]   Updated 2 reference(s) in: scratch\contact_live.html
[2026-05-27T09:15:48.075Z] [INFO]   Updated 2 reference(s) in: scratch\jaipur_live.html
[2026-05-27T09:15:48.076Z] [INFO]   Updated 2 reference(s) in: scratch-about.html
[2026-05-27T09:15:48.078Z] [INFO]   Updated 2 reference(s) in: src\components\Footer.jsx
[2026-05-27T09:15:48.083Z] [INFO]   Updated 2 reference(s) in: temp_assets\about.html
[2026-05-27T09:15:48.088Z] [INFO]   Updated 2 reference(s) in: temp_assets\house.html
[2026-05-27T09:15:48.091Z] [INFO]   Updated 2 reference(s) in: scratch\branches_live.html
[2026-05-27T09:15:48.092Z] [INFO]   Updated 2 reference(s) in: scratch\contact_live.html
[2026-05-27T09:15:48.093Z] [INFO]   Updated 2 reference(s) in: scratch\jaipur_live.html
[2026-05-27T09:15:48.095Z] [INFO]   Updated 2 reference(s) in: scratch-about.html
[2026-05-27T09:15:48.097Z] [INFO]   Updated 2 reference(s) in: src\components\Footer.jsx
[2026-05-27T09:15:48.104Z] [INFO]   Updated 2 reference(s) in: temp_assets\about.html
[2026-05-27T09:15:48.110Z] [INFO]   Updated 2 reference(s) in: temp_assets\house.html
[2026-05-27T09:15:48.116Z] [INFO]   Updated 2 reference(s) in: src\app\page.js
[2026-05-27T09:15:48.132Z] [INFO]   Updated 2 reference(s) in: src\app\page.js
[2026-05-27T09:15:48.149Z] [INFO]   Updated 2 reference(s) in: src\app\page.js
[2026-05-27T09:15:48.166Z] [INFO]   Updated 2 reference(s) in: src\app\page.js
[2026-05-27T09:15:48.182Z] [INFO]   Updated 2 reference(s) in: src\app\page.js
[2026-05-27T09:15:48.197Z] [INFO]   Updated 2 reference(s) in: src\app\page.js
[2026-05-27T09:15:48.212Z] [INFO]   Updated 6 reference(s) in: scratch\branches_live.html
[2026-05-27T09:15:48.213Z] [INFO]   Updated 6 reference(s) in: scratch\contact_live.html
[2026-05-27T09:15:48.214Z] [INFO]   Updated 1 reference(s) in: scratch\fetch-logo-attrs.js
[2026-05-27T09:15:48.214Z] [INFO]   Updated 6 reference(s) in: scratch\jaipur_live.html
[2026-05-27T09:15:48.215Z] [INFO]   Updated 6 reference(s) in: scratch-about.html
[2026-05-27T09:15:48.215Z] [INFO]   Updated 2 reference(s) in: scripts\EXAMPLES_AND_REFERENCE.md
[2026-05-27T09:15:48.216Z] [INFO]   Updated 1 reference(s) in: src\app\about\page.js
[2026-05-27T09:15:48.216Z] [INFO]   Updated 1 reference(s) in: src\app\air\page.js
[2026-05-27T09:15:48.217Z] [INFO]   Updated 1 reference(s) in: src\app\car\page.js
[2026-05-27T09:15:48.217Z] [INFO]   Updated 1 reference(s) in: src\app\contact\page.js
[2026-05-27T09:15:48.217Z] [INFO]   Updated 1 reference(s) in: src\app\domestic\page.js
[2026-05-27T09:15:48.219Z] [INFO]   Updated 1 reference(s) in: src\app\house\page.js
[2026-05-27T09:15:48.219Z] [INFO]   Updated 2 reference(s) in: src\app\layout.js
[2026-05-27T09:15:48.220Z] [INFO]   Updated 1 reference(s) in: src\app\office\page.js
[2026-05-27T09:15:48.220Z] [INFO]   Updated 1 reference(s) in: src\app\packing\page.js
[2026-05-27T09:15:48.221Z] [INFO]   Updated 2 reference(s) in: src\app\page.js
[2026-05-27T09:15:48.222Z] [INFO]   Updated 1 reference(s) in: src\app\sea\page.js
[2026-05-27T09:15:48.223Z] [INFO]   Updated 1 reference(s) in: src\app\transport\page.js
[2026-05-27T09:15:48.223Z] [INFO]   Updated 1 reference(s) in: src\app\warehousing\page.js
[2026-05-27T09:15:48.224Z] [INFO]   Updated 1 reference(s) in: src\app\[slug]\page.js
[2026-05-27T09:15:48.224Z] [INFO]   Updated 2 reference(s) in: src\components\Footer.jsx
[2026-05-27T09:15:48.225Z] [INFO]   Updated 4 reference(s) in: src\components\Navbar.jsx
[2026-05-27T09:15:48.230Z] [INFO]   Updated 6 reference(s) in: temp_assets\about.html
[2026-05-27T09:15:48.234Z] [INFO]   Updated 6 reference(s) in: temp_assets\house.html
[2026-05-27T09:15:48.239Z] [INFO]   Updated 2 reference(s) in: src\app\air\page.js
[2026-05-27T09:15:48.240Z] [INFO]   Updated 1 reference(s) in: src\app\gallery\page.js
[2026-05-27T09:15:48.241Z] [INFO]   Updated 1 reference(s) in: src\app\page.js
[2026-05-27T09:15:48.243Z] [INFO]   Updated 1 reference(s) in: src\components\GallerySlider.jsx
[2026-05-27T09:15:48.256Z] [INFO]   Updated 2 reference(s) in: src\app\car\page.js
[2026-05-27T09:15:48.257Z] [INFO]   Updated 1 reference(s) in: src\app\gallery\page.js
[2026-05-27T09:15:48.258Z] [INFO]   Updated 1 reference(s) in: src\app\page.js
[2026-05-27T09:15:48.259Z] [INFO]   Updated 1 reference(s) in: src\components\GallerySlider.jsx
[2026-05-27T09:15:48.275Z] [INFO]   Updated 2 reference(s) in: src\app\domestic\page.js
[2026-05-27T09:15:48.275Z] [INFO]   Updated 1 reference(s) in: src\app\gallery\page.js
[2026-05-27T09:15:48.276Z] [INFO]   Updated 1 reference(s) in: src\app\page.js
[2026-05-27T09:15:48.277Z] [INFO]   Updated 1 reference(s) in: src\components\GallerySlider.jsx
[2026-05-27T09:15:48.292Z] [INFO]   Updated 1 reference(s) in: src\app\gallery\page.js
[2026-05-27T09:15:48.293Z] [INFO]   Updated 1 reference(s) in: src\app\page.js
[2026-05-27T09:15:48.294Z] [INFO]   Updated 2 reference(s) in: src\app\transport\page.js
[2026-05-27T09:15:48.295Z] [INFO]   Updated 1 reference(s) in: src\components\GallerySlider.jsx
[2026-05-27T09:15:48.310Z] [INFO]   Updated 1 reference(s) in: src\app\gallery\page.js
[2026-05-27T09:15:48.310Z] [INFO]   Updated 2 reference(s) in: src\app\office\page.js
[2026-05-27T09:15:48.311Z] [INFO]   Updated 1 reference(s) in: src\app\page.js
[2026-05-27T09:15:48.312Z] [INFO]   Updated 1 reference(s) in: src\components\GallerySlider.jsx
[2026-05-27T09:15:48.326Z] [INFO]   Updated 1 reference(s) in: src\app\gallery\page.js
[2026-05-27T09:15:48.326Z] [INFO]   Updated 2 reference(s) in: src\app\packing\page.js
[2026-05-27T09:15:48.327Z] [INFO]   Updated 1 reference(s) in: src\app\page.js
[2026-05-27T09:15:48.328Z] [INFO]   Updated 2 reference(s) in: src\app\[slug]\page.js
[2026-05-27T09:15:48.328Z] [INFO]   Updated 1 reference(s) in: src\components\GallerySlider.jsx
[2026-05-27T09:15:48.343Z] [INFO]   Updated 1 reference(s) in: src\app\gallery\page.js
[2026-05-27T09:15:48.344Z] [INFO]   Updated 1 reference(s) in: src\app\page.js
[2026-05-27T09:15:48.345Z] [INFO]   Updated 2 reference(s) in: src\app\sea\page.js
[2026-05-27T09:15:48.345Z] [INFO]   Updated 2 reference(s) in: src\app\warehousing\page.js
[2026-05-27T09:15:48.346Z] [INFO]   Updated 1 reference(s) in: src\components\GallerySlider.jsx
[2026-05-27T09:15:48.361Z] [INFO]   Updated 2 reference(s) in: src\components\TestimonialCard.jsx
[2026-05-27T09:15:48.375Z] [INFO]   Updated 2 reference(s) in: src\app\page.js
[2026-05-27T09:15:48.390Z] [INFO]   Updated 2 reference(s) in: src\app\air\page.js
[2026-05-27T09:15:48.391Z] [INFO]   Updated 1 reference(s) in: src\app\gallery\page.js
[2026-05-27T09:15:48.392Z] [INFO]   Updated 1 reference(s) in: src\app\page.js
[2026-05-27T09:15:48.393Z] [INFO]   Updated 1 reference(s) in: src\components\GallerySlider.jsx
[2026-05-27T09:15:48.407Z] [INFO]   Updated 1 reference(s) in: src\app\gallery\page.js
[2026-05-27T09:15:48.407Z] [INFO]   Updated 2 reference(s) in: src\app\house\page.js
[2026-05-27T09:15:48.408Z] [INFO]   Updated 1 reference(s) in: src\app\page.js
[2026-05-27T09:15:48.409Z] [INFO]   Updated 1 reference(s) in: src\components\GallerySlider.jsx
[2026-05-27T09:15:48.418Z] [INFO]   Updated 2 reference(s) in: temp_assets\house.html
[2026-05-27T09:15:48.423Z] [INFO]   Updated 2 reference(s) in: src\app\page.js
[2026-05-27T09:15:48.438Z] [INFO]   Updated 2 reference(s) in: src\app\page.js
[2026-05-27T09:15:48.454Z] [INFO]   Updated 2 reference(s) in: src\app\page.js
[2026-05-27T09:15:48.472Z] [INFO]   Updated 2 reference(s) in: src\app\page.js
[2026-05-27T09:15:48.487Z] [INFO]   Updated 2 reference(s) in: src\app\page.js
[2026-05-27T09:15:48.504Z] [INFO]   Updated 2 reference(s) in: src\app\page.js
[2026-05-27T09:15:48.520Z] [INFO]   Updated 2 reference(s) in: src\app\car\page.js
[2026-05-27T09:15:48.521Z] [INFO]   Updated 1 reference(s) in: src\app\gallery\page.js
[2026-05-27T09:15:48.522Z] [INFO]   Updated 1 reference(s) in: src\app\page.js
[2026-05-27T09:15:48.523Z] [INFO]   Updated 1 reference(s) in: src\components\GallerySlider.jsx
[2026-05-27T09:15:48.539Z] [INFO]   Updated 2 reference(s) in: src\components\TestimonialCard.jsx
[2026-05-27T09:15:48.554Z] [INFO]   Updated 2 reference(s) in: src\app\domestic\page.js
[2026-05-27T09:15:48.554Z] [INFO]   Updated 1 reference(s) in: src\app\gallery\page.js
[2026-05-27T09:15:48.555Z] [INFO]   Updated 1 reference(s) in: src\app\page.js
[2026-05-27T09:15:48.556Z] [INFO]   Updated 1 reference(s) in: src\components\GallerySlider.jsx
[2026-05-27T09:15:48.569Z] [INFO]   Updated 2 reference(s) in: scratch\branches_live.html
[2026-05-27T09:15:48.570Z] [INFO]   Updated 2 reference(s) in: scratch\contact_live.html
[2026-05-27T09:15:48.571Z] [INFO]   Updated 2 reference(s) in: scratch\jaipur_live.html
[2026-05-27T09:15:48.572Z] [INFO]   Updated 2 reference(s) in: scratch-about.html
[2026-05-27T09:15:48.575Z] [INFO]   Updated 2 reference(s) in: src\components\Footer.jsx
[2026-05-27T09:15:48.580Z] [INFO]   Updated 2 reference(s) in: temp_assets\about.html
[2026-05-27T09:15:48.586Z] [INFO]   Updated 2 reference(s) in: temp_assets\house.html
[2026-05-27T09:15:48.591Z] [INFO]   Updated 1 reference(s) in: src\app\gallery\page.js
[2026-05-27T09:15:48.592Z] [INFO]   Updated 1 reference(s) in: src\app\page.js
[2026-05-27T09:15:48.593Z] [INFO]   Updated 2 reference(s) in: src\app\transport\page.js
[2026-05-27T09:15:48.594Z] [INFO]   Updated 1 reference(s) in: src\components\GallerySlider.jsx
[2026-05-27T09:15:48.608Z] [INFO]   Updated 1 reference(s) in: src\app\gallery\page.js
[2026-05-27T09:15:48.609Z] [INFO]   Updated 2 reference(s) in: src\app\office\page.js
[2026-05-27T09:15:48.609Z] [INFO]   Updated 1 reference(s) in: src\app\page.js
[2026-05-27T09:15:48.611Z] [INFO]   Updated 1 reference(s) in: src\components\GallerySlider.jsx
[2026-05-27T09:15:48.627Z] [INFO]   Updated 1 reference(s) in: src\app\gallery\page.js
[2026-05-27T09:15:48.628Z] [INFO]   Updated 2 reference(s) in: src\app\packing\page.js
[2026-05-27T09:15:48.629Z] [INFO]   Updated 1 reference(s) in: src\app\page.js
[2026-05-27T09:15:48.630Z] [INFO]   Updated 2 reference(s) in: src\app\[slug]\page.js
[2026-05-27T09:15:48.631Z] [INFO]   Updated 1 reference(s) in: src\components\GallerySlider.jsx
[2026-05-27T09:15:48.646Z] [INFO]   Updated 1 reference(s) in: src\app\gallery\page.js
[2026-05-27T09:15:48.647Z] [INFO]   Updated 1 reference(s) in: src\app\page.js
[2026-05-27T09:15:48.647Z] [INFO]   Updated 2 reference(s) in: src\app\sea\page.js
[2026-05-27T09:15:48.648Z] [INFO]   Updated 2 reference(s) in: src\app\warehousing\page.js
[2026-05-27T09:15:48.648Z] [INFO]   Updated 1 reference(s) in: src\components\GallerySlider.jsx
[2026-05-27T09:15:48.661Z] [INFO]   Updated 2 reference(s) in: scratch\branches_live.html
[2026-05-27T09:15:48.662Z] [INFO]   Updated 2 reference(s) in: scratch\contact_live.html
[2026-05-27T09:15:48.663Z] [INFO]   Updated 2 reference(s) in: scratch\jaipur_live.html
[2026-05-27T09:15:48.663Z] [INFO]   Updated 2 reference(s) in: scratch-about.html
[2026-05-27T09:15:48.666Z] [INFO]   Updated 2 reference(s) in: src\components\Footer.jsx
[2026-05-27T09:15:48.671Z] [INFO]   Updated 2 reference(s) in: temp_assets\about.html
[2026-05-27T09:15:48.676Z] [INFO]   Updated 2 reference(s) in: temp_assets\house.html
[2026-05-27T09:15:48.694Z] [SUCCESS] Updated 488 reference(s) across all source files
[2026-05-27T09:15:48.694Z] [INFO] 
[2026-05-27T09:15:48.695Z] [INFO] Step 4: Cleaning up original files...
[2026-05-27T09:15:48.695Z] [INFO]   Skipped deletion for already-WebP file: public\assets\img\about\about-2-main.webp
[2026-05-27T09:15:48.695Z] [INFO]   Skipped deletion for already-WebP file: public\assets\img\bg\breadcrumb-bg.webp
[2026-05-27T09:15:48.695Z] [INFO]   Skipped deletion for already-WebP file: public\assets\img\bg\breadcrumb-bottom.webp
[2026-05-27T09:15:48.695Z] [INFO]   Skipped deletion for already-WebP file: public\assets\img\bg\contact_form_bg.webp
[2026-05-27T09:15:48.695Z] [INFO]   Skipped deletion for already-WebP file: public\assets\img\bg\footer_bg_2.webp
[2026-05-27T09:15:48.695Z] [INFO]   Skipped deletion for already-WebP file: public\assets\img\bg\service-bg-1-1.webp
[2026-05-27T09:15:48.695Z] [INFO]   Skipped deletion for already-WebP file: public\assets\img\favicon.webp
[2026-05-27T09:15:48.695Z] [INFO]   Skipped deletion for already-WebP file: public\assets\img\hero\hero2-overlay.webp
[2026-05-27T09:15:48.695Z] [INFO]   Skipped deletion for already-WebP file: public\assets\img\hero\hero_bg_2_1.webp
[2026-05-27T09:15:48.695Z] [INFO]   Skipped deletion for already-WebP file: public\assets\img\hero\hero_bg_2_2.webp
[2026-05-27T09:15:48.695Z] [INFO]   Skipped deletion for already-WebP file: public\assets\img\hero\hero_bg_2_3.webp
[2026-05-27T09:15:48.695Z] [INFO]   Skipped deletion for already-WebP file: public\assets\img\icon\breadcrumb-left.webp
[2026-05-27T09:15:48.695Z] [INFO]   Skipped deletion for already-WebP file: public\assets\img\icon\breadcrumb-right.webp
[2026-05-27T09:15:48.695Z] [INFO]   Skipped deletion for already-WebP file: public\assets\img\icon\counter-shape-2-1.webp
[2026-05-27T09:15:48.695Z] [INFO]   Skipped deletion for already-WebP file: public\assets\img\icon\footer-shape-1.webp
[2026-05-27T09:15:48.695Z] [INFO]   Skipped deletion for already-WebP file: public\assets\img\icon\footer-shape-2.webp
[2026-05-27T09:15:48.695Z] [INFO]   Skipped deletion for already-WebP file: public\assets\img\logo.webp
[2026-05-27T09:15:48.695Z] [INFO]   Skipped deletion for already-WebP file: public\assets\img\shape\footer-1-top-shape.webp
[2026-05-27T09:15:48.695Z] [INFO]   Skipped deletion for already-WebP file: public\favicon\favicon.webp
[2026-05-27T09:15:48.695Z] [INFO]   Skipped deletion for already-WebP file: public\images\about\ab4.webp
[2026-05-27T09:15:48.695Z] [INFO]   Skipped deletion for already-WebP file: public\images\about\about-2-main.webp
[2026-05-27T09:15:48.695Z] [INFO]   Skipped deletion for already-WebP file: public\images\backgrounds\service-bg-1-1.webp
[2026-05-27T09:15:48.695Z] [INFO]   Skipped deletion for already-WebP file: public\images\banners\hero2-overlay.webp
[2026-05-27T09:15:48.695Z] [INFO]   Skipped deletion for already-WebP file: public\images\banners\hero_bg_2_1.webp
[2026-05-27T09:15:48.695Z] [INFO]   Skipped deletion for already-WebP file: public\images\banners\hero_bg_2_2.webp
[2026-05-27T09:15:48.695Z] [INFO]   Skipped deletion for already-WebP file: public\images\banners\hero_bg_2_3.webp
[2026-05-27T09:15:48.695Z] [INFO]   Skipped deletion for already-WebP file: public\images\blog\blog-1.webp
[2026-05-27T09:15:48.695Z] [INFO]   Skipped deletion for already-WebP file: public\images\common\floating-call.webp
[2026-05-27T09:15:48.695Z] [INFO]   Skipped deletion for already-WebP file: public\images\common\whatsapp.webp
[2026-05-27T09:15:48.695Z] [INFO]   Skipped deletion for already-WebP file: public\images\icons\counter-shape-2-1.webp
[2026-05-27T09:15:48.695Z] [INFO]   Skipped deletion for already-WebP file: public\images\icons\footer-shape-1.webp
[2026-05-27T09:15:48.695Z] [INFO]   Skipped deletion for already-WebP file: public\images\icons\footer-shape-2.webp
[2026-05-27T09:15:48.695Z] [INFO]   Skipped deletion for already-WebP file: public\images\logos\c7.webp
[2026-05-27T09:15:48.695Z] [INFO]   Skipped deletion for already-WebP file: public\images\logos\clients1.webp
[2026-05-27T09:15:48.695Z] [INFO]   Skipped deletion for already-WebP file: public\images\logos\clients2.webp
[2026-05-27T09:15:48.695Z] [INFO]   Skipped deletion for already-WebP file: public\images\logos\clients3.webp
[2026-05-27T09:15:48.695Z] [INFO]   Skipped deletion for already-WebP file: public\images\logos\clients4.webp
[2026-05-27T09:15:48.695Z] [INFO]   Skipped deletion for already-WebP file: public\images\logos\clients5.webp
[2026-05-27T09:15:48.695Z] [INFO]   Skipped deletion for already-WebP file: public\images\logos\logo.webp
[2026-05-27T09:15:48.695Z] [INFO]   Skipped deletion for already-WebP file: public\images\services\air-cargo.webp
[2026-05-27T09:15:48.695Z] [INFO]   Skipped deletion for already-WebP file: public\images\services\car-transport.webp
[2026-05-27T09:15:48.695Z] [INFO]   Skipped deletion for already-WebP file: public\images\services\domestic.webp
[2026-05-27T09:15:48.695Z] [INFO]   Skipped deletion for already-WebP file: public\images\services\land-transport.webp
[2026-05-27T09:15:48.695Z] [INFO]   Skipped deletion for already-WebP file: public\images\services\office-shifting.webp
[2026-05-27T09:15:48.695Z] [INFO]   Skipped deletion for already-WebP file: public\images\services\packing.webp
[2026-05-27T09:15:48.695Z] [INFO]   Skipped deletion for already-WebP file: public\images\services\warehouse.webp
[2026-05-27T09:15:48.695Z] [INFO]   Skipped deletion for already-WebP file: public\images\testimonials\clientq.webp
[2026-05-27T09:15:48.695Z] [INFO]   Skipped deletion for already-WebP file: public\img\ab4.webp
[2026-05-27T09:15:48.695Z] [INFO]   Skipped deletion for already-WebP file: public\img\air-cargo.webp
[2026-05-27T09:15:48.695Z] [INFO]   Skipped deletion for already-WebP file: public\img\blog-1.webp
[2026-05-27T09:15:48.695Z] [INFO]   Skipped deletion for already-WebP file: public\img\brand-logo\c7.webp
[2026-05-27T09:15:48.695Z] [INFO]   Skipped deletion for already-WebP file: public\img\brand-logo\clients1.webp
[2026-05-27T09:15:48.696Z] [INFO]   Skipped deletion for already-WebP file: public\img\brand-logo\clients2.webp
[2026-05-27T09:15:48.696Z] [INFO]   Skipped deletion for already-WebP file: public\img\brand-logo\clients3.webp
[2026-05-27T09:15:48.696Z] [INFO]   Skipped deletion for already-WebP file: public\img\brand-logo\clients4.webp
[2026-05-27T09:15:48.696Z] [INFO]   Skipped deletion for already-WebP file: public\img\brand-logo\clients5.webp
[2026-05-27T09:15:48.696Z] [INFO]   Skipped deletion for already-WebP file: public\img\car-transport.webp
[2026-05-27T09:15:48.696Z] [INFO]   Skipped deletion for already-WebP file: public\img\clientq.webp
[2026-05-27T09:15:48.696Z] [INFO]   Skipped deletion for already-WebP file: public\img\domestic.webp
[2026-05-27T09:15:48.696Z] [INFO]   Skipped deletion for already-WebP file: public\img\floating-call.webp
[2026-05-27T09:15:48.696Z] [INFO]   Skipped deletion for already-WebP file: public\img\land-transport.webp
[2026-05-27T09:15:48.696Z] [INFO]   Skipped deletion for already-WebP file: public\img\office-shifting.webp
[2026-05-27T09:15:48.696Z] [INFO]   Skipped deletion for already-WebP file: public\img\packing.webp
[2026-05-27T09:15:48.696Z] [INFO]   Skipped deletion for already-WebP file: public\img\warehouse.webp
[2026-05-27T09:15:48.696Z] [INFO]   Skipped deletion for already-WebP file: public\img\whatsapp.webp
[2026-05-27T09:15:48.696Z] [INFO]   Skipped deletion for already-WebP file: scratch\orig-breadcrumb-bg.webp
[2026-05-27T09:15:48.696Z] [SUCCESS] Cleanup complete: 0 deleted, 66 skipped, 0 failed
[2026-05-27T09:15:48.696Z] [INFO] 
[2026-05-27T09:15:48.696Z] [INFO] ═══════════════════════════════════════════════════════
[2026-05-27T09:15:48.696Z] [SUCCESS] IMAGE OPTIMIZATION COMPLETED SUCCESSFULLY!
[2026-05-27T09:15:48.696Z] [INFO] ═══════════════════════════════════════════════════════
[2026-05-27T09:15:48.696Z] [INFO] ✓ Converted: 66 images
[2026-05-27T09:15:48.696Z] [INFO] ✗ Failed: 2 images
[2026-05-27T09:15:48.696Z] [INFO] Space Saved: 0.00 KB (0.00%)
[2026-05-27T09:15:48.696Z] [INFO] Log file saved to: C:\Users\Yogesh Poonia\Desktop\temp\safe-codee\image-optimization.log
[2026-05-27T09:15:48.696Z] [INFO] 